<?xml version="1.0" encoding="UTF-8"?>
<testsuite name="DFSMazeTest" tests="11" skipped="0" failures="0" errors="0" timestamp="2023-11-22T23:06:55" hostname="Alis-MacBook-Pro.local" time="0.223">
  <properties/>
  <testcase name="inputsValidity()" classname="DFSMazeTest" time="0.06"/>
  <testcase name="input00()" classname="DFSMazeTest" time="0.045"/>
  <testcase name="input01()" classname="DFSMazeTest" time="0.004"/>
  <testcase name="input02()" classname="DFSMazeTest" time="0.007"/>
  <testcase name="input03()" classname="DFSMazeTest" time="0.009"/>
  <testcase name="input04()" classname="DFSMazeTest" time="0.01"/>
  <testcase name="input05()" classname="DFSMazeTest" time="0.011"/>
  <testcase name="input06()" classname="DFSMazeTest" time="0.01"/>
  <testcase name="input07()" classname="DFSMazeTest" time="0.005"/>
  <testcase name="input08()" classname="DFSMazeTest" time="0.015"/>
  <testcase name="input09()" classname="DFSMazeTest" time="0.025"/>
  <system-out><![CDATA[]]></system-out>
  <system-err><![CDATA[]]></system-err>
</testsuite>
